# JRE version: Java(TM) SE Runtime Environment (8.0_361) (build 1.8.0_361-b09)
# Java VM: Java HotSpot(TM) 64-Bit Server VM (25.361-b09 mixed mode windows-amd64 compressed oops)
Heap:
 PSYoungGen      total 170496K, used 91614K [0x0000000776180000, 0x0000000785f80000, 0x00000007c0000000)
  eden space 157184K, 50% used [0x0000000776180000,0x000000077af13f68,0x000000077fb00000)
  from space 13312K, 91% used [0x000000077fb00000,0x00000007806e3a20,0x0000000780800000)
  to   space 14336K, 0% used [0x0000000785180000,0x0000000785180000,0x0000000785f80000)
 ParOldGen       total 134144K, used 16499K [0x00000006e2400000, 0x00000006ea700000, 0x0000000776180000)
  object space 134144K, 12% used [0x00000006e2400000,0x00000006e341cf58,0x00000006ea700000)
 Metaspace       used 45214K, capacity 48905K, committed 49024K, reserved 1091584K
  class space    used 6260K, capacity 6956K, committed 7040K, reserved 1048576K
GC Heap History (10 events):
Event: 3.139 GC heap before
{Heap before GC invocations=5 (full 1):
 PSYoungGen      total 66560K, used 57344K [0x0000000776180000, 0x000000077e380000, 0x00000007c0000000)
  eden space 57344K, 100% used [0x0000000776180000,0x0000000779980000,0x0000000779980000)
  from space 9216K, 0% used [0x0000000779980000,0x0000000779980000,0x000000077a280000)
  to   space 9216K, 0% used [0x000000077da80000,0x000000077da80000,0x000000077e380000)
 ParOldGen       total 88576K, used 10284K [0x00000006e2400000, 0x00000006e7a80000, 0x0000000776180000)
  object space 88576K, 11% used [0x00000006e2400000,0x00000006e2e0b0a0,0x00000006e7a80000)
 Metaspace       used 23130K, capacity 24319K, committed 24448K, reserved 1071104K
  class space    used 3079K, capacity 3334K, committed 3456K, reserved 1048576K
Event: 3.144 GC heap after
Heap after GC invocations=5 (full 1):
 PSYoungGen      total 102400K, used 6202K [0x0000000776180000, 0x000000077e100000, 0x00000007c0000000)
  eden space 95744K, 0% used [0x0000000776180000,0x0000000776180000,0x000000077bf00000)
  from space 6656K, 93% used [0x000000077da80000,0x000000077e08e828,0x000000077e100000)
  to   space 9216K, 0% used [0x000000077cf00000,0x000000077cf00000,0x000000077d800000)
 ParOldGen       total 88576K, used 10292K [0x00000006e2400000, 0x00000006e7a80000, 0x0000000776180000)
  object space 88576K, 11% used [0x00000006e2400000,0x00000006e2e0d0a0,0x00000006e7a80000)
 Metaspace       used 23130K, capacity 24319K, committed 24448K, reserved 1071104K
  class space    used 3079K, capacity 3334K, committed 3456K, reserved 1048576K
}
Event: 4.022 GC heap before
{Heap before GC invocations=6 (full 1):
 PSYoungGen      total 102400K, used 101946K [0x0000000776180000, 0x000000077e100000, 0x00000007c0000000)
  eden space 95744K, 100% used [0x0000000776180000,0x000000077bf00000,0x000000077bf00000)
  from space 6656K, 93% used [0x000000077da80000,0x000000077e08e828,0x000000077e100000)
  to   space 9216K, 0% used [0x000000077cf00000,0x000000077cf00000,0x000000077d800000)
 ParOldGen       total 88576K, used 10292K [0x00000006e2400000, 0x00000006e7a80000, 0x0000000776180000)
  object space 88576K, 11% used [0x00000006e2400000,0x00000006e2e0d0a0,0x00000006e7a80000)
 Metaspace       used 29340K, capacity 31217K, committed 31488K, reserved 1077248K
  class space    used 3936K, capacity 4269K, committed 4352K, reserved 1048576K
Event: 4.030 GC heap after
Heap after GC invocations=6 (full 1):
 PSYoungGen      total 121344K, used 9196K [0x0000000776180000, 0x0000000781580000, 0x00000007c0000000)
  eden space 112128K, 0% used [0x0000000776180000,0x0000000776180000,0x000000077cf00000)
  from space 9216K, 99% used [0x000000077cf00000,0x000000077d7fb0d8,0x000000077d800000)
  to   space 13824K, 0% used [0x0000000780800000,0x0000000780800000,0x0000000781580000)
 ParOldGen       total 88576K, used 12139K [0x00000006e2400000, 0x00000006e7a80000, 0x0000000776180000)
  object space 88576K, 13% used [0x00000006e2400000,0x00000006e2fdada8,0x00000006e7a80000)
 Metaspace       used 29340K, capacity 31217K, committed 31488K, reserved 1077248K
  class space    used 3936K, capacity 4269K, committed 4352K, reserved 1048576K
}
Event: 6.006 GC heap before
{Heap before GC invocations=7 (full 1):
 PSYoungGen      total 121344K, used 77580K [0x0000000776180000, 0x0000000781580000, 0x00000007c0000000)
  eden space 112128K, 60% used [0x0000000776180000,0x000000077a448230,0x000000077cf00000)
  from space 9216K, 99% used [0x000000077cf00000,0x000000077d7fb0d8,0x000000077d800000)
  to   space 13824K, 0% used [0x0000000780800000,0x0000000780800000,0x0000000781580000)
 ParOldGen       total 88576K, used 12139K [0x00000006e2400000, 0x00000006e7a80000, 0x0000000776180000)
  object space 88576K, 13% used [0x00000006e2400000,0x00000006e2fdada8,0x00000006e7a80000)
 Metaspace       used 33421K, capacity 35437K, committed 35496K, reserved 1079296K
  class space    used 4452K, capacity 4835K, committed 4864K, reserved 1048576K
Event: 6.013 GC heap after
Heap after GC invocations=7 (full 1):
 PSYoungGen      total 171008K, used 10299K [0x0000000776180000, 0x0000000782980000, 0x00000007c0000000)
  eden space 157184K, 0% used [0x0000000776180000,0x0000000776180000,0x000000077fb00000)
  from space 13824K, 74% used [0x0000000780800000,0x000000078120efa0,0x0000000781580000)
  to   space 13312K, 0% used [0x000000077fb00000,0x000000077fb00000,0x0000000780800000)
 ParOldGen       total 88576K, used 12147K [0x00000006e2400000, 0x00000006e7a80000, 0x0000000776180000)
  object space 88576K, 13% used [0x00000006e2400000,0x00000006e2fdcda8,0x00000006e7a80000)
 Metaspace       used 33421K, capacity 35437K, committed 35496K, reserved 1079296K
  class space    used 4452K, capacity 4835K, committed 4864K, reserved 1048576K
}
Event: 6.013 GC heap before
{Heap before GC invocations=8 (full 2):
 PSYoungGen      total 171008K, used 10299K [0x0000000776180000, 0x0000000782980000, 0x00000007c0000000)
  eden space 157184K, 0% used [0x0000000776180000,0x0000000776180000,0x000000077fb00000)
  from space 13824K, 74% used [0x0000000780800000,0x000000078120efa0,0x0000000781580000)
  to   space 13312K, 0% used [0x000000077fb00000,0x000000077fb00000,0x0000000780800000)
 ParOldGen       total 88576K, used 12147K [0x00000006e2400000, 0x00000006e7a80000, 0x0000000776180000)
  object space 88576K, 13% used [0x00000006e2400000,0x00000006e2fdcda8,0x00000006e7a80000)
 Metaspace       used 33421K, capacity 35437K, committed 35496K, reserved 1079296K
  class space    used 4452K, capacity 4835K, committed 4864K, reserved 1048576K
Event: 6.067 GC heap after
Heap after GC invocations=8 (full 2):
 PSYoungGen      total 171008K, used 0K [0x0000000776180000, 0x0000000782980000, 0x00000007c0000000)
  eden space 157184K, 0% used [0x0000000776180000,0x0000000776180000,0x000000077fb00000)
  from space 13824K, 0% used [0x0000000780800000,0x0000000780800000,0x0000000781580000)
  to   space 13312K, 0% used [0x000000077fb00000,0x000000077fb00000,0x0000000780800000)
 ParOldGen       total 134144K, used 16427K [0x00000006e2400000, 0x00000006ea700000, 0x0000000776180000)
  object space 134144K, 12% used [0x00000006e2400000,0x00000006e340af48,0x00000006ea700000)
 Metaspace       used 33421K, capacity 35437K, committed 35496K, reserved 1079296K
  class space    used 4452K, capacity 4835K, committed 4864K, reserved 1048576K
}
Event: 7.150 GC heap before
{Heap before GC invocations=9 (full 2):
 PSYoungGen      total 171008K, used 157184K [0x0000000776180000, 0x0000000782980000, 0x00000007c0000000)
  eden space 157184K, 100% used [0x0000000776180000,0x000000077fb00000,0x000000077fb00000)
  from space 13824K, 0% used [0x0000000780800000,0x0000000780800000,0x0000000781580000)
  to   space 13312K, 0% used [0x000000077fb00000,0x000000077fb00000,0x0000000780800000)
 ParOldGen       total 134144K, used 16427K [0x00000006e2400000, 0x00000006ea700000, 0x0000000776180000)
  object space 134144K, 12% used [0x00000006e2400000,0x00000006e340af48,0x00000006ea700000)
 Metaspace       used 42208K, capacity 44879K, committed 45184K, reserved 1087488K
  class space    used 5696K, capacity 6222K, committed 6272K, reserved 1048576K
Event: 7.160 GC heap after
Heap after GC invocations=9 (full 2):
 PSYoungGen      total 170496K, used 12174K [0x0000000776180000, 0x0000000785f80000, 0x00000007c0000000)
  eden space 157184K, 0% used [0x0000000776180000,0x0000000776180000,0x000000077fb00000)
  from space 13312K, 91% used [0x000000077fb00000,0x00000007806e3a20,0x0000000780800000)
  to   space 14336K, 0% used [0x0000000785180000,0x0000000785180000,0x0000000785f80000)
 ParOldGen       total 134144K, used 16499K [0x00000006e2400000, 0x00000006ea700000, 0x0000000776180000)
  object space 134144K, 12% used [0x00000006e2400000,0x00000006e341cf58,0x00000006ea700000)
 Metaspace       used 42208K, capacity 44879K, committed 45184K, reserved 1087488K
  class space    used 5696K, capacity 6222K, committed 6272K, reserved 1048576K
}

